<?xml version="1.0" encoding="UTF-8"?>
<!-- Generated by org.testng.reporters.JUnitReportReporter -->
<testsuite hostname="ThivakarDeivendran" failures="0" tests="1" name="reqres.PostMethodClass" time="3.015" errors="0" timestamp="2024-10-24T22:51:05 IST" skipped="0">
  <testcase classname="reqres.PostMethodClass" name="postMethod" time="3.015"/>
  <system-out/>
</testsuite> <!-- reqres.PostMethodClass -->
